# JRE version: OpenJDK Runtime Environment Temurin-21.0.8+9 (21.0.8+9) (build 21.0.8+9-LTS)
# Java VM: OpenJDK 64-Bit Server VM Temurin-21.0.8+9 (21.0.8+9-LTS, mixed mode, sharing, tiered, compressed oops, compressed class ptrs, parallel gc, windows-amd64)
GC Precious Log:
 CardTable entry size: 512
 CPUs: 16 total, 16 available
 Memory: 15734M
 Large Page Support: Disabled
 NUMA Support: Disabled
 Compressed Oops: Enabled (32-bit)
 Alignments: Space 512K, Generation 512K, Heap 2M
 Heap Min Capacity: 100M
 Heap Initial Capacity: 100M
 Heap Max Capacity: 2G
 Pre-touch: Disabled
 Parallel Workers: 13
Heap:
 PSYoungGen      total 17920K, used 6207K [0x00000000d5580000, 0x00000000d6b80000, 0x0000000100000000)
  eden space 16896K, 30% used [0x00000000d5580000,0x00000000d5a93d08,0x00000000d6600000)
  from space 1024K, 98% used [0x00000000d6880000,0x00000000d697c040,0x00000000d6980000)
  to   space 2560K, 0% used [0x00000000d6600000,0x00000000d6600000,0x00000000d6880000)
 ParOldGen       total 68608K, used 52488K [0x0000000080000000, 0x0000000084300000, 0x00000000d5580000)
  object space 68608K, 76% used [0x0000000080000000,0x0000000083342300,0x0000000084300000)
 Metaspace       used 51773K, committed 52992K, reserved 1114112K
  class space    used 5605K, committed 6080K, reserved 1048576K
GC Heap History (20 events):
Event: 8.554 GC heap before
{Heap before GC invocations=25 (full 2):
 PSYoungGen      total 22016K, used 21993K [0x00000000d5580000, 0x00000000d7500000, 0x0000000100000000)
  eden space 19456K, 100% used [0x00000000d5580000,0x00000000d6880000,0x00000000d6880000)
  from space 2560K, 99% used [0x00000000d6d80000,0x00000000d6ffa530,0x00000000d7000000)
  to   space 5120K, 0% used [0x00000000d6880000,0x00000000d6880000,0x00000000d6d80000)
 ParOldGen       total 68608K, used 36153K [0x0000000080000000, 0x0000000084300000, 0x00000000d5580000)
  object space 68608K, 52% used [0x0000000080000000,0x000000008234e440,0x0000000084300000)
 Metaspace       used 41076K, committed 42240K, reserved 1114112K
  class space    used 4330K, committed 4864K, reserved 1048576K
}
Event: 8.558 GC heap after
{Heap after GC invocations=25 (full 2):
 PSYoungGen      total 22016K, used 2254K [0x00000000d5580000, 0x00000000d6e80000, 0x0000000100000000)
  eden space 19456K, 0% used [0x00000000d5580000,0x00000000d5580000,0x00000000d6880000)
  from space 2560K, 88% used [0x00000000d6880000,0x00000000d6ab3a08,0x00000000d6b00000)
  to   space 3072K, 0% used [0x00000000d6b80000,0x00000000d6b80000,0x00000000d6e80000)
 ParOldGen       total 68608K, used 38537K [0x0000000080000000, 0x0000000084300000, 0x00000000d5580000)
  object space 68608K, 56% used [0x0000000080000000,0x00000000825a25a0,0x0000000084300000)
 Metaspace       used 41076K, committed 42240K, reserved 1114112K
  class space    used 4330K, committed 4864K, reserved 1048576K
}
Event: 8.647 GC heap before
{Heap before GC invocations=26 (full 2):
 PSYoungGen      total 22016K, used 21699K [0x00000000d5580000, 0x00000000d6e80000, 0x0000000100000000)
  eden space 19456K, 99% used [0x00000000d5580000,0x00000000d687d358,0x00000000d6880000)
  from space 2560K, 88% used [0x00000000d6880000,0x00000000d6ab3a08,0x00000000d6b00000)
  to   space 3072K, 0% used [0x00000000d6b80000,0x00000000d6b80000,0x00000000d6e80000)
 ParOldGen       total 68608K, used 38537K [0x0000000080000000, 0x0000000084300000, 0x00000000d5580000)
  object space 68608K, 56% used [0x0000000080000000,0x00000000825a25a0,0x0000000084300000)
 Metaspace       used 41314K, committed 42496K, reserved 1114112K
  class space    used 4349K, committed 4864K, reserved 1048576K
}
Event: 8.650 GC heap after
{Heap after GC invocations=26 (full 2):
 PSYoungGen      total 22016K, used 2080K [0x00000000d5580000, 0x00000000d6e00000, 0x0000000100000000)
  eden space 19456K, 0% used [0x00000000d5580000,0x00000000d5580000,0x00000000d6880000)
  from space 2560K, 81% used [0x00000000d6b80000,0x00000000d6d88000,0x00000000d6e00000)
  to   space 2560K, 0% used [0x00000000d6880000,0x00000000d6880000,0x00000000d6b00000)
 ParOldGen       total 68608K, used 40567K [0x0000000080000000, 0x0000000084300000, 0x00000000d5580000)
  object space 68608K, 59% used [0x0000000080000000,0x000000008279dfa8,0x0000000084300000)
 Metaspace       used 41314K, committed 42496K, reserved 1114112K
  class space    used 4349K, committed 4864K, reserved 1048576K
}
Event: 8.832 GC heap before
{Heap before GC invocations=27 (full 2):
 PSYoungGen      total 22016K, used 21536K [0x00000000d5580000, 0x00000000d6e00000, 0x0000000100000000)
  eden space 19456K, 100% used [0x00000000d5580000,0x00000000d6880000,0x00000000d6880000)
  from space 2560K, 81% used [0x00000000d6b80000,0x00000000d6d88000,0x00000000d6e00000)
  to   space 2560K, 0% used [0x00000000d6880000,0x00000000d6880000,0x00000000d6b00000)
 ParOldGen       total 68608K, used 40567K [0x0000000080000000, 0x0000000084300000, 0x00000000d5580000)
  object space 68608K, 59% used [0x0000000080000000,0x000000008279dfa8,0x0000000084300000)
 Metaspace       used 42035K, committed 43264K, reserved 1114112K
  class space    used 4418K, committed 4928K, reserved 1048576K
}
Event: 8.835 GC heap after
{Heap after GC invocations=27 (full 2):
 PSYoungGen      total 21504K, used 1657K [0x00000000d5580000, 0x00000000d6c80000, 0x0000000100000000)
  eden space 19456K, 0% used [0x00000000d5580000,0x00000000d5580000,0x00000000d6880000)
  from space 2048K, 80% used [0x00000000d6880000,0x00000000d6a1e518,0x00000000d6a80000)
  to   space 2048K, 0% used [0x00000000d6a80000,0x00000000d6a80000,0x00000000d6c80000)
 ParOldGen       total 68608K, used 42452K [0x0000000080000000, 0x0000000084300000, 0x00000000d5580000)
  object space 68608K, 61% used [0x0000000080000000,0x0000000082975300,0x0000000084300000)
 Metaspace       used 42035K, committed 43264K, reserved 1114112K
  class space    used 4418K, committed 4928K, reserved 1048576K
}
Event: 9.082 GC heap before
{Heap before GC invocations=28 (full 2):
 PSYoungGen      total 21504K, used 21113K [0x00000000d5580000, 0x00000000d6c80000, 0x0000000100000000)
  eden space 19456K, 100% used [0x00000000d5580000,0x00000000d6880000,0x00000000d6880000)
  from space 2048K, 80% used [0x00000000d6880000,0x00000000d6a1e518,0x00000000d6a80000)
  to   space 2048K, 0% used [0x00000000d6a80000,0x00000000d6a80000,0x00000000d6c80000)
 ParOldGen       total 68608K, used 42452K [0x0000000080000000, 0x0000000084300000, 0x00000000d5580000)
  object space 68608K, 61% used [0x0000000080000000,0x0000000082975300,0x0000000084300000)
 Metaspace       used 43514K, committed 44736K, reserved 1114112K
  class space    used 4582K, committed 5120K, reserved 1048576K
}
Event: 9.089 GC heap after
{Heap after GC invocations=28 (full 2):
 PSYoungGen      total 19456K, used 2030K [0x00000000d5580000, 0x00000000d7080000, 0x0000000100000000)
  eden space 17408K, 0% used [0x00000000d5580000,0x00000000d5580000,0x00000000d6680000)
  from space 2048K, 99% used [0x00000000d6a80000,0x00000000d6c7ba88,0x00000000d6c80000)
  to   space 4096K, 0% used [0x00000000d6680000,0x00000000d6680000,0x00000000d6a80000)
 ParOldGen       total 68608K, used 43894K [0x0000000080000000, 0x0000000084300000, 0x00000000d5580000)
  object space 68608K, 63% used [0x0000000080000000,0x0000000082add818,0x0000000084300000)
 Metaspace       used 43514K, committed 44736K, reserved 1114112K
  class space    used 4582K, committed 5120K, reserved 1048576K
}
Event: 9.189 GC heap before
{Heap before GC invocations=29 (full 2):
 PSYoungGen      total 19456K, used 19438K [0x00000000d5580000, 0x00000000d7080000, 0x0000000100000000)
  eden space 17408K, 100% used [0x00000000d5580000,0x00000000d6680000,0x00000000d6680000)
  from space 2048K, 99% used [0x00000000d6a80000,0x00000000d6c7ba88,0x00000000d6c80000)
  to   space 4096K, 0% used [0x00000000d6680000,0x00000000d6680000,0x00000000d6a80000)
 ParOldGen       total 68608K, used 43894K [0x0000000080000000, 0x0000000084300000, 0x00000000d5580000)
  object space 68608K, 63% used [0x0000000080000000,0x0000000082add818,0x0000000084300000)
 Metaspace       used 43938K, committed 45120K, reserved 1114112K
  class space    used 4615K, committed 5120K, reserved 1048576K
}
Event: 9.191 GC heap after
{Heap after GC invocations=29 (full 2):
 PSYoungGen      total 19968K, used 2218K [0x00000000d5580000, 0x00000000d6c80000, 0x0000000100000000)
  eden space 17408K, 0% used [0x00000000d5580000,0x00000000d5580000,0x00000000d6680000)
  from space 2560K, 86% used [0x00000000d6680000,0x00000000d68aa948,0x00000000d6900000)
  to   space 3072K, 0% used [0x00000000d6980000,0x00000000d6980000,0x00000000d6c80000)
 ParOldGen       total 68608K, used 45566K [0x0000000080000000, 0x0000000084300000, 0x00000000d5580000)
  object space 68608K, 66% used [0x0000000080000000,0x0000000082c7f948,0x0000000084300000)
 Metaspace       used 43938K, committed 45120K, reserved 1114112K
  class space    used 4615K, committed 5120K, reserved 1048576K
}
Event: 9.304 GC heap before
{Heap before GC invocations=30 (full 2):
 PSYoungGen      total 19968K, used 19626K [0x00000000d5580000, 0x00000000d6c80000, 0x0000000100000000)
  eden space 17408K, 100% used [0x00000000d5580000,0x00000000d6680000,0x00000000d6680000)
  from space 2560K, 86% used [0x00000000d6680000,0x00000000d68aa948,0x00000000d6900000)
  to   space 3072K, 0% used [0x00000000d6980000,0x00000000d6980000,0x00000000d6c80000)
 ParOldGen       total 68608K, used 45566K [0x0000000080000000, 0x0000000084300000, 0x00000000d5580000)
  object space 68608K, 66% used [0x0000000080000000,0x0000000082c7f948,0x0000000084300000)
 Metaspace       used 44290K, committed 45504K, reserved 1114112K
  class space    used 4670K, committed 5184K, reserved 1048576K
}
Event: 9.307 GC heap after
{Heap after GC invocations=30 (full 2):
 PSYoungGen      total 20480K, used 2627K [0x00000000d5580000, 0x00000000d6c80000, 0x0000000100000000)
  eden space 17408K, 0% used [0x00000000d5580000,0x00000000d5580000,0x00000000d6680000)
  from space 3072K, 85% used [0x00000000d6980000,0x00000000d6c10e08,0x00000000d6c80000)
  to   space 3072K, 0% used [0x00000000d6680000,0x00000000d6680000,0x00000000d6980000)
 ParOldGen       total 68608K, used 47390K [0x0000000080000000, 0x0000000084300000, 0x00000000d5580000)
  object space 68608K, 69% used [0x0000000080000000,0x0000000082e47958,0x0000000084300000)
 Metaspace       used 44290K, committed 45504K, reserved 1114112K
  class space    used 4670K, committed 5184K, reserved 1048576K
}
Event: 9.612 GC heap before
{Heap before GC invocations=31 (full 2):
 PSYoungGen      total 20480K, used 20029K [0x00000000d5580000, 0x00000000d6c80000, 0x0000000100000000)
  eden space 17408K, 99% used [0x00000000d5580000,0x00000000d667e698,0x00000000d6680000)
  from space 3072K, 85% used [0x00000000d6980000,0x00000000d6c10e08,0x00000000d6c80000)
  to   space 3072K, 0% used [0x00000000d6680000,0x00000000d6680000,0x00000000d6980000)
 ParOldGen       total 68608K, used 47390K [0x0000000080000000, 0x0000000084300000, 0x00000000d5580000)
  object space 68608K, 69% used [0x0000000080000000,0x0000000082e47958,0x0000000084300000)
 Metaspace       used 45080K, committed 46336K, reserved 1114112K
  class space    used 4775K, committed 5312K, reserved 1048576K
}
Event: 9.615 GC heap after
{Heap after GC invocations=31 (full 2):
 PSYoungGen      total 19456K, used 1650K [0x00000000d5580000, 0x00000000d6a80000, 0x0000000100000000)
  eden space 17408K, 0% used [0x00000000d5580000,0x00000000d5580000,0x00000000d6680000)
  from space 2048K, 80% used [0x00000000d6680000,0x00000000d681c808,0x00000000d6880000)
  to   space 2048K, 0% used [0x00000000d6880000,0x00000000d6880000,0x00000000d6a80000)
 ParOldGen       total 68608K, used 48922K [0x0000000080000000, 0x0000000084300000, 0x00000000d5580000)
  object space 68608K, 71% used [0x0000000080000000,0x0000000082fc6960,0x0000000084300000)
 Metaspace       used 45080K, committed 46336K, reserved 1114112K
  class space    used 4775K, committed 5312K, reserved 1048576K
}
Event: 10.902 GC heap before
{Heap before GC invocations=32 (full 2):
 PSYoungGen      total 19456K, used 19058K [0x00000000d5580000, 0x00000000d6a80000, 0x0000000100000000)
  eden space 17408K, 100% used [0x00000000d5580000,0x00000000d6680000,0x00000000d6680000)
  from space 2048K, 80% used [0x00000000d6680000,0x00000000d681c808,0x00000000d6880000)
  to   space 2048K, 0% used [0x00000000d6880000,0x00000000d6880000,0x00000000d6a80000)
 ParOldGen       total 68608K, used 48922K [0x0000000080000000, 0x0000000084300000, 0x00000000d5580000)
  object space 68608K, 71% used [0x0000000080000000,0x0000000082fc6960,0x0000000084300000)
 Metaspace       used 46972K, committed 48256K, reserved 1114112K
  class space    used 5009K, committed 5568K, reserved 1048576K
}
Event: 10.904 GC heap after
{Heap after GC invocations=32 (full 2):
 PSYoungGen      total 18944K, used 1352K [0x00000000d5580000, 0x00000000d6a00000, 0x0000000100000000)
  eden space 17408K, 0% used [0x00000000d5580000,0x00000000d5580000,0x00000000d6680000)
  from space 1536K, 88% used [0x00000000d6880000,0x00000000d69d2220,0x00000000d6a00000)
  to   space 1536K, 0% used [0x00000000d6700000,0x00000000d6700000,0x00000000d6880000)
 ParOldGen       total 68608K, used 50326K [0x0000000080000000, 0x0000000084300000, 0x00000000d5580000)
  object space 68608K, 73% used [0x0000000080000000,0x00000000831259b8,0x0000000084300000)
 Metaspace       used 46972K, committed 48256K, reserved 1114112K
  class space    used 5009K, committed 5568K, reserved 1048576K
}
Event: 11.330 GC heap before
{Heap before GC invocations=33 (full 2):
 PSYoungGen      total 18944K, used 18760K [0x00000000d5580000, 0x00000000d6a00000, 0x0000000100000000)
  eden space 17408K, 100% used [0x00000000d5580000,0x00000000d6680000,0x00000000d6680000)
  from space 1536K, 88% used [0x00000000d6880000,0x00000000d69d2220,0x00000000d6a00000)
  to   space 1536K, 0% used [0x00000000d6700000,0x00000000d6700000,0x00000000d6880000)
 ParOldGen       total 68608K, used 50326K [0x0000000080000000, 0x0000000084300000, 0x00000000d5580000)
  object space 68608K, 73% used [0x0000000080000000,0x00000000831259b8,0x0000000084300000)
 Metaspace       used 49057K, committed 50240K, reserved 1114112K
  class space    used 5307K, committed 5824K, reserved 1048576K
}
Event: 11.333 GC heap after
{Heap after GC invocations=33 (full 2):
 PSYoungGen      total 18944K, used 1184K [0x00000000d5580000, 0x00000000d6980000, 0x0000000100000000)
  eden space 17408K, 0% used [0x00000000d5580000,0x00000000d5580000,0x00000000d6680000)
  from space 1536K, 77% used [0x00000000d6700000,0x00000000d6828000,0x00000000d6880000)
  to   space 1024K, 0% used [0x00000000d6880000,0x00000000d6880000,0x00000000d6980000)
 ParOldGen       total 68608K, used 51381K [0x0000000080000000, 0x0000000084300000, 0x00000000d5580000)
  object space 68608K, 74% used [0x0000000080000000,0x000000008322d5f0,0x0000000084300000)
 Metaspace       used 49057K, committed 50240K, reserved 1114112K
  class space    used 5307K, committed 5824K, reserved 1048576K
}
Event: 11.572 GC heap before
{Heap before GC invocations=34 (full 2):
 PSYoungGen      total 18944K, used 18592K [0x00000000d5580000, 0x00000000d6980000, 0x0000000100000000)
  eden space 17408K, 100% used [0x00000000d5580000,0x00000000d6680000,0x00000000d6680000)
  from space 1536K, 77% used [0x00000000d6700000,0x00000000d6828000,0x00000000d6880000)
  to   space 1024K, 0% used [0x00000000d6880000,0x00000000d6880000,0x00000000d6980000)
 ParOldGen       total 68608K, used 51381K [0x0000000080000000, 0x0000000084300000, 0x00000000d5580000)
  object space 68608K, 74% used [0x0000000080000000,0x000000008322d5f0,0x0000000084300000)
 Metaspace       used 51279K, committed 52416K, reserved 1114112K
  class space    used 5538K, committed 6016K, reserved 1048576K
}
Event: 11.574 GC heap after
{Heap after GC invocations=34 (full 2):
 PSYoungGen      total 17920K, used 1008K [0x00000000d5580000, 0x00000000d6b80000, 0x0000000100000000)
  eden space 16896K, 0% used [0x00000000d5580000,0x00000000d5580000,0x00000000d6600000)
  from space 1024K, 98% used [0x00000000d6880000,0x00000000d697c040,0x00000000d6980000)
  to   space 2560K, 0% used [0x00000000d6600000,0x00000000d6600000,0x00000000d6880000)
 ParOldGen       total 68608K, used 52488K [0x0000000080000000, 0x0000000084300000, 0x00000000d5580000)
  object space 68608K, 76% used [0x0000000080000000,0x0000000083342300,0x0000000084300000)
 Metaspace       used 51279K, committed 52416K, reserved 1114112K
  class space    used 5538K, committed 6016K, reserved 1048576K
}

