# JRE version: OpenJDK Runtime Environment Temurin-21.0.8+9 (21.0.8+9) (build 21.0.8+9-LTS)
# Java VM: OpenJDK 64-Bit Server VM Temurin-21.0.8+9 (21.0.8+9-LTS, mixed mode, sharing, tiered, compressed oops, compressed class ptrs, parallel gc, windows-amd64)
GC Precious Log:
 CardTable entry size: 512
 CPUs: 16 total, 16 available
 Memory: 15734M
 Large Page Support: Disabled
 NUMA Support: Disabled
 Compressed Oops: Enabled (32-bit)
 Alignments: Space 512K, Generation 512K, Heap 2M
 Heap Min Capacity: 100M
 Heap Initial Capacity: 100M
 Heap Max Capacity: 2G
 Pre-touch: Disabled
 Parallel Workers: 13
Heap:
 PSYoungGen      total 15872K, used 15448K [0x00000000d5580000, 0x00000000d6680000, 0x0000000100000000)
  eden space 14336K, 100% used [0x00000000d5580000,0x00000000d6380000,0x00000000d6380000)
  from space 1536K, 72% used [0x00000000d6500000,0x00000000d6616000,0x00000000d6680000)
  to   space 1536K, 0% used [0x00000000d6380000,0x00000000d6380000,0x00000000d6500000)
 ParOldGen       total 757248K, used 757247K [0x0000000080000000, 0x00000000ae380000, 0x00000000d5580000)
  object space 757248K, 99% used [0x0000000080000000,0x00000000ae37fff0,0x00000000ae380000)
 Metaspace       used 74316K, committed 75904K, reserved 1179648K
  class space    used 7823K, committed 8512K, reserved 1048576K
GC Heap History (20 events):
Event: 29.377 GC heap before
{Heap before GC invocations=1232 (full 4):
 PSYoungGen      total 9216K, used 9056K [0x00000000d5580000, 0x00000000d5f00000, 0x0000000100000000)
  eden space 8704K, 100% used [0x00000000d5580000,0x00000000d5e00000,0x00000000d5e00000)
  from space 512K, 68% used [0x00000000d5e80000,0x00000000d5ed8000,0x00000000d5f00000)
  to   space 512K, 0% used [0x00000000d5e00000,0x00000000d5e00000,0x00000000d5e80000)
 ParOldGen       total 750080K, used 749888K [0x0000000080000000, 0x00000000adc80000, 0x00000000d5580000)
  object space 750080K, 99% used [0x0000000080000000,0x00000000adc50128,0x00000000adc80000)
 Metaspace       used 74291K, committed 75840K, reserved 1179648K
  class space    used 7821K, committed 8512K, reserved 1048576K
}
Event: 29.379 GC heap after
{Heap after GC invocations=1232 (full 4):
 PSYoungGen      total 9216K, used 320K [0x00000000d5580000, 0x00000000d6100000, 0x0000000100000000)
  eden space 8704K, 0% used [0x00000000d5580000,0x00000000d5580000,0x00000000d5e00000)
  from space 512K, 62% used [0x00000000d5e00000,0x00000000d5e50000,0x00000000d5e80000)
  to   space 512K, 0% used [0x00000000d6080000,0x00000000d6080000,0x00000000d6100000)
 ParOldGen       total 750080K, used 750032K [0x0000000080000000, 0x00000000adc80000, 0x00000000d5580000)
  object space 750080K, 99% used [0x0000000080000000,0x00000000adc74128,0x00000000adc80000)
 Metaspace       used 74291K, committed 75840K, reserved 1179648K
  class space    used 7821K, committed 8512K, reserved 1048576K
}
Event: 29.385 GC heap before
{Heap before GC invocations=1233 (full 4):
 PSYoungGen      total 9216K, used 8996K [0x00000000d5580000, 0x00000000d6100000, 0x0000000100000000)
  eden space 8704K, 99% used [0x00000000d5580000,0x00000000d5df9390,0x00000000d5e00000)
  from space 512K, 62% used [0x00000000d5e00000,0x00000000d5e50000,0x00000000d5e80000)
  to   space 512K, 0% used [0x00000000d6080000,0x00000000d6080000,0x00000000d6100000)
 ParOldGen       total 750080K, used 750032K [0x0000000080000000, 0x00000000adc80000, 0x00000000d5580000)
  object space 750080K, 99% used [0x0000000080000000,0x00000000adc74128,0x00000000adc80000)
 Metaspace       used 74291K, committed 75840K, reserved 1179648K
  class space    used 7821K, committed 8512K, reserved 1048576K
}
Event: 29.387 GC heap after
{Heap after GC invocations=1233 (full 4):
 PSYoungGen      total 11264K, used 352K [0x00000000d5580000, 0x00000000d6100000, 0x0000000100000000)
  eden space 10752K, 0% used [0x00000000d5580000,0x00000000d5580000,0x00000000d6000000)
  from space 512K, 68% used [0x00000000d6080000,0x00000000d60d8000,0x00000000d6100000)
  to   space 512K, 0% used [0x00000000d6000000,0x00000000d6000000,0x00000000d6080000)
 ParOldGen       total 750592K, used 750240K [0x0000000080000000, 0x00000000add00000, 0x00000000d5580000)
  object space 750592K, 99% used [0x0000000080000000,0x00000000adca8128,0x00000000add00000)
 Metaspace       used 74291K, committed 75840K, reserved 1179648K
  class space    used 7821K, committed 8512K, reserved 1048576K
}
Event: 29.401 GC heap before
{Heap before GC invocations=1234 (full 4):
 PSYoungGen      total 11264K, used 11104K [0x00000000d5580000, 0x00000000d6100000, 0x0000000100000000)
  eden space 10752K, 100% used [0x00000000d5580000,0x00000000d6000000,0x00000000d6000000)
  from space 512K, 68% used [0x00000000d6080000,0x00000000d60d8000,0x00000000d6100000)
  to   space 512K, 0% used [0x00000000d6000000,0x00000000d6000000,0x00000000d6080000)
 ParOldGen       total 750592K, used 750240K [0x0000000080000000, 0x00000000add00000, 0x00000000d5580000)
  object space 750592K, 99% used [0x0000000080000000,0x00000000adca8128,0x00000000add00000)
 Metaspace       used 74291K, committed 75840K, reserved 1179648K
  class space    used 7821K, committed 8512K, reserved 1048576K
}
Event: 29.402 GC heap after
{Heap after GC invocations=1234 (full 4):
 PSYoungGen      total 11264K, used 416K [0x00000000d5580000, 0x00000000d6380000, 0x0000000100000000)
  eden space 10752K, 0% used [0x00000000d5580000,0x00000000d5580000,0x00000000d6000000)
  from space 512K, 81% used [0x00000000d6000000,0x00000000d6068000,0x00000000d6080000)
  to   space 512K, 0% used [0x00000000d6300000,0x00000000d6300000,0x00000000d6380000)
 ParOldGen       total 750592K, used 750416K [0x0000000080000000, 0x00000000add00000, 0x00000000d5580000)
  object space 750592K, 99% used [0x0000000080000000,0x00000000adcd4128,0x00000000add00000)
 Metaspace       used 74291K, committed 75840K, reserved 1179648K
  class space    used 7821K, committed 8512K, reserved 1048576K
}
Event: 29.424 GC heap before
{Heap before GC invocations=1235 (full 4):
 PSYoungGen      total 11264K, used 11168K [0x00000000d5580000, 0x00000000d6380000, 0x0000000100000000)
  eden space 10752K, 100% used [0x00000000d5580000,0x00000000d6000000,0x00000000d6000000)
  from space 512K, 81% used [0x00000000d6000000,0x00000000d6068000,0x00000000d6080000)
  to   space 512K, 0% used [0x00000000d6300000,0x00000000d6300000,0x00000000d6380000)
 ParOldGen       total 750592K, used 750416K [0x0000000080000000, 0x00000000add00000, 0x00000000d5580000)
  object space 750592K, 99% used [0x0000000080000000,0x00000000adcd4128,0x00000000add00000)
 Metaspace       used 74291K, committed 75840K, reserved 1179648K
  class space    used 7821K, committed 8512K, reserved 1048576K
}
Event: 29.426 GC heap after
{Heap after GC invocations=1235 (full 4):
 PSYoungGen      total 11264K, used 352K [0x00000000d5580000, 0x00000000d6380000, 0x0000000100000000)
  eden space 10752K, 0% used [0x00000000d5580000,0x00000000d5580000,0x00000000d6000000)
  from space 512K, 68% used [0x00000000d6300000,0x00000000d6358000,0x00000000d6380000)
  to   space 512K, 0% used [0x00000000d6000000,0x00000000d6000000,0x00000000d6080000)
 ParOldGen       total 751104K, used 750664K [0x0000000080000000, 0x00000000add80000, 0x00000000d5580000)
  object space 751104K, 99% used [0x0000000080000000,0x00000000add12128,0x00000000add80000)
 Metaspace       used 74291K, committed 75840K, reserved 1179648K
  class space    used 7821K, committed 8512K, reserved 1048576K
}
Event: 29.438 GC heap before
{Heap before GC invocations=1236 (full 4):
 PSYoungGen      total 11264K, used 11103K [0x00000000d5580000, 0x00000000d6380000, 0x0000000100000000)
  eden space 10752K, 99% used [0x00000000d5580000,0x00000000d5fffff0,0x00000000d6000000)
  from space 512K, 68% used [0x00000000d6300000,0x00000000d6358000,0x00000000d6380000)
  to   space 512K, 0% used [0x00000000d6000000,0x00000000d6000000,0x00000000d6080000)
 ParOldGen       total 751104K, used 750664K [0x0000000080000000, 0x00000000add80000, 0x00000000d5580000)
  object space 751104K, 99% used [0x0000000080000000,0x00000000add12128,0x00000000add80000)
 Metaspace       used 74301K, committed 75840K, reserved 1179648K
  class space    used 7821K, committed 8512K, reserved 1048576K
}
Event: 29.440 GC heap after
{Heap after GC invocations=1236 (full 4):
 PSYoungGen      total 11264K, used 500K [0x00000000d5580000, 0x00000000d6380000, 0x0000000100000000)
  eden space 10752K, 0% used [0x00000000d5580000,0x00000000d5580000,0x00000000d6000000)
  from space 512K, 97% used [0x00000000d6000000,0x00000000d607d0e0,0x00000000d6080000)
  to   space 1024K, 0% used [0x00000000d6280000,0x00000000d6280000,0x00000000d6380000)
 ParOldGen       total 751104K, used 751030K [0x0000000080000000, 0x00000000add80000, 0x00000000d5580000)
  object space 751104K, 99% used [0x0000000080000000,0x00000000add6d9d8,0x00000000add80000)
 Metaspace       used 74301K, committed 75840K, reserved 1179648K
  class space    used 7821K, committed 8512K, reserved 1048576K
}
Event: 29.453 GC heap before
{Heap before GC invocations=1237 (full 4):
 PSYoungGen      total 11264K, used 11252K [0x00000000d5580000, 0x00000000d6380000, 0x0000000100000000)
  eden space 10752K, 100% used [0x00000000d5580000,0x00000000d6000000,0x00000000d6000000)
  from space 512K, 97% used [0x00000000d6000000,0x00000000d607d0e0,0x00000000d6080000)
  to   space 1024K, 0% used [0x00000000d6280000,0x00000000d6280000,0x00000000d6380000)
 ParOldGen       total 751104K, used 751030K [0x0000000080000000, 0x00000000add80000, 0x00000000d5580000)
  object space 751104K, 99% used [0x0000000080000000,0x00000000add6d9d8,0x00000000add80000)
 Metaspace       used 74313K, committed 75904K, reserved 1179648K
  class space    used 7823K, committed 8512K, reserved 1048576K
}
Event: 29.455 GC heap after
{Heap after GC invocations=1237 (full 4):
 PSYoungGen      total 11776K, used 1004K [0x00000000d5580000, 0x00000000d6380000, 0x0000000100000000)
  eden space 10752K, 0% used [0x00000000d5580000,0x00000000d5580000,0x00000000d6000000)
  from space 1024K, 98% used [0x00000000d6280000,0x00000000d637b3f0,0x00000000d6380000)
  to   space 1536K, 0% used [0x00000000d6080000,0x00000000d6080000,0x00000000d6200000)
 ParOldGen       total 751616K, used 751414K [0x0000000080000000, 0x00000000ade00000, 0x00000000d5580000)
  object space 751616K, 99% used [0x0000000080000000,0x00000000addcd9d8,0x00000000ade00000)
 Metaspace       used 74313K, committed 75904K, reserved 1179648K
  class space    used 7823K, committed 8512K, reserved 1048576K
}
Event: 29.465 GC heap before
{Heap before GC invocations=1238 (full 4):
 PSYoungGen      total 11776K, used 11756K [0x00000000d5580000, 0x00000000d6380000, 0x0000000100000000)
  eden space 10752K, 100% used [0x00000000d5580000,0x00000000d6000000,0x00000000d6000000)
  from space 1024K, 98% used [0x00000000d6280000,0x00000000d637b3f0,0x00000000d6380000)
  to   space 1536K, 0% used [0x00000000d6080000,0x00000000d6080000,0x00000000d6200000)
 ParOldGen       total 751616K, used 751414K [0x0000000080000000, 0x00000000ade00000, 0x00000000d5580000)
  object space 751616K, 99% used [0x0000000080000000,0x00000000addcd9d8,0x00000000ade00000)
 Metaspace       used 74316K, committed 75904K, reserved 1179648K
  class space    used 7823K, committed 8512K, reserved 1048576K
}
Event: 29.468 GC heap after
{Heap after GC invocations=1238 (full 4):
 PSYoungGen      total 12288K, used 1525K [0x00000000d5580000, 0x00000000d6700000, 0x0000000100000000)
  eden space 10752K, 0% used [0x00000000d5580000,0x00000000d5580000,0x00000000d6000000)
  from space 1536K, 99% used [0x00000000d6080000,0x00000000d61fd748,0x00000000d6200000)
  to   space 3584K, 0% used [0x00000000d6380000,0x00000000d6380000,0x00000000d6700000)
 ParOldGen       total 753152K, used 752790K [0x0000000080000000, 0x00000000adf80000, 0x00000000d5580000)
  object space 753152K, 99% used [0x0000000080000000,0x00000000adf259e8,0x00000000adf80000)
 Metaspace       used 74316K, committed 75904K, reserved 1179648K
  class space    used 7823K, committed 8512K, reserved 1048576K
}
Event: 29.476 GC heap before
{Heap before GC invocations=1239 (full 4):
 PSYoungGen      total 12288K, used 12277K [0x00000000d5580000, 0x00000000d6700000, 0x0000000100000000)
  eden space 10752K, 100% used [0x00000000d5580000,0x00000000d6000000,0x00000000d6000000)
  from space 1536K, 99% used [0x00000000d6080000,0x00000000d61fd748,0x00000000d6200000)
  to   space 3584K, 0% used [0x00000000d6380000,0x00000000d6380000,0x00000000d6700000)
 ParOldGen       total 753152K, used 752790K [0x0000000080000000, 0x00000000adf80000, 0x00000000d5580000)
  object space 753152K, 99% used [0x0000000080000000,0x00000000adf259e8,0x00000000adf80000)
 Metaspace       used 74316K, committed 75904K, reserved 1179648K
  class space    used 7823K, committed 8512K, reserved 1048576K
}
Event: 29.479 GC heap after
{Heap after GC invocations=1239 (full 4):
 PSYoungGen      total 15360K, used 1811K [0x00000000d5580000, 0x00000000d6780000, 0x0000000100000000)
  eden space 11776K, 0% used [0x00000000d5580000,0x00000000d5580000,0x00000000d6100000)
  from space 3584K, 50% used [0x00000000d6380000,0x00000000d6544fd8,0x00000000d6700000)
  to   space 2560K, 0% used [0x00000000d6100000,0x00000000d6100000,0x00000000d6380000)
 ParOldGen       total 754176K, used 754147K [0x0000000080000000, 0x00000000ae080000, 0x00000000d5580000)
  object space 754176K, 99% used [0x0000000080000000,0x00000000ae078ef8,0x00000000ae080000)
 Metaspace       used 74316K, committed 75904K, reserved 1179648K
  class space    used 7823K, committed 8512K, reserved 1048576K
}
Event: 29.486 GC heap before
{Heap before GC invocations=1240 (full 4):
 PSYoungGen      total 15360K, used 13587K [0x00000000d5580000, 0x00000000d6780000, 0x0000000100000000)
  eden space 11776K, 100% used [0x00000000d5580000,0x00000000d6100000,0x00000000d6100000)
  from space 3584K, 50% used [0x00000000d6380000,0x00000000d6544fd8,0x00000000d6700000)
  to   space 2560K, 0% used [0x00000000d6100000,0x00000000d6100000,0x00000000d6380000)
 ParOldGen       total 754176K, used 754147K [0x0000000080000000, 0x00000000ae080000, 0x00000000d5580000)
  object space 754176K, 99% used [0x0000000080000000,0x00000000ae078ef8,0x00000000ae080000)
 Metaspace       used 74316K, committed 75904K, reserved 1179648K
  class space    used 7823K, committed 8512K, reserved 1048576K
}
Event: 29.488 GC heap after
{Heap after GC invocations=1240 (full 4):
 PSYoungGen      total 14336K, used 890K [0x00000000d5580000, 0x00000000d6680000, 0x0000000100000000)
  eden space 11776K, 0% used [0x00000000d5580000,0x00000000d5580000,0x00000000d6100000)
  from space 2560K, 34% used [0x00000000d6100000,0x00000000d61de8e0,0x00000000d6380000)
  to   space 1536K, 0% used [0x00000000d6500000,0x00000000d6500000,0x00000000d6680000)
 ParOldGen       total 756736K, used 756259K [0x0000000080000000, 0x00000000ae300000, 0x00000000d5580000)
  object space 756736K, 99% used [0x0000000080000000,0x00000000ae288ef8,0x00000000ae300000)
 Metaspace       used 74316K, committed 75904K, reserved 1179648K
  class space    used 7823K, committed 8512K, reserved 1048576K
}
Event: 29.495 GC heap before
{Heap before GC invocations=1241 (full 4):
 PSYoungGen      total 14336K, used 12564K [0x00000000d5580000, 0x00000000d6680000, 0x0000000100000000)
  eden space 11776K, 99% used [0x00000000d5580000,0x00000000d60e6828,0x00000000d6100000)
  from space 2560K, 34% used [0x00000000d6100000,0x00000000d61de8e0,0x00000000d6380000)
  to   space 1536K, 0% used [0x00000000d6500000,0x00000000d6500000,0x00000000d6680000)
 ParOldGen       total 756736K, used 756259K [0x0000000080000000, 0x00000000ae300000, 0x00000000d5580000)
  object space 756736K, 99% used [0x0000000080000000,0x00000000ae288ef8,0x00000000ae300000)
 Metaspace       used 74316K, committed 75904K, reserved 1179648K
  class space    used 7823K, committed 8512K, reserved 1048576K
}
Event: 29.498 GC heap after
{Heap after GC invocations=1241 (full 4):
 PSYoungGen      total 15872K, used 1112K [0x00000000d5580000, 0x00000000d6680000, 0x0000000100000000)
  eden space 14336K, 0% used [0x00000000d5580000,0x00000000d5580000,0x00000000d6380000)
  from space 1536K, 72% used [0x00000000d6500000,0x00000000d6616000,0x00000000d6680000)
  to   space 1536K, 0% used [0x00000000d6380000,0x00000000d6380000,0x00000000d6500000)
 ParOldGen       total 757248K, used 756856K [0x0000000080000000, 0x00000000ae380000, 0x00000000d5580000)
  object space 757248K, 99% used [0x0000000080000000,0x00000000ae31e3c0,0x00000000ae380000)
 Metaspace       used 74316K, committed 75904K, reserved 1179648K
  class space    used 7823K, committed 8512K, reserved 1048576K
}

