# JRE version: OpenJDK Runtime Environment Temurin-21.0.8+9 (21.0.8+9) (build 21.0.8+9-LTS)
# Java VM: OpenJDK 64-Bit Server VM Temurin-21.0.8+9 (21.0.8+9-LTS, mixed mode, sharing, tiered, compressed oops, compressed class ptrs, parallel gc, windows-amd64)
GC Precious Log:
 CardTable entry size: 512
 CPUs: 16 total, 16 available
 Memory: 15734M
 Large Page Support: Disabled
 NUMA Support: Disabled
 Compressed Oops: Enabled (32-bit)
 Alignments: Space 512K, Generation 512K, Heap 2M
 Heap Min Capacity: 100M
 Heap Initial Capacity: 100M
 Heap Max Capacity: 2G
 Pre-touch: Disabled
 Parallel Workers: 13
Heap:
 PSYoungGen      total 7680K, used 6606K [0x00000000d5580000, 0x00000000d5e80000, 0x0000000100000000)
  eden space 7168K, 87% used [0x00000000d5580000,0x00000000d5b9b848,0x00000000d5c80000)
  from space 512K, 68% used [0x00000000d5d00000,0x00000000d5d58000,0x00000000d5d80000)
  to   space 512K, 0% used [0x00000000d5c80000,0x00000000d5c80000,0x00000000d5d00000)
 ParOldGen       total 133120K, used 132723K [0x0000000080000000, 0x0000000088200000, 0x00000000d5580000)
  object space 133120K, 99% used [0x0000000080000000,0x000000008819cd28,0x0000000088200000)
 Metaspace       used 66724K, committed 68288K, reserved 1114112K
  class space    used 6987K, committed 7680K, reserved 1048576K
GC Heap History (20 events):
Event: 27.463 GC heap after
{Heap after GC invocations=309 (full 3):
 PSYoungGen      total 8192K, used 512K [0x00000000d5580000, 0x00000000d5e80000, 0x0000000100000000)
  eden space 7168K, 0% used [0x00000000d5580000,0x00000000d5580000,0x00000000d5c80000)
  from space 1024K, 50% used [0x00000000d5d80000,0x00000000d5e00000,0x00000000d5e80000)
  to   space 1024K, 0% used [0x00000000d5c80000,0x00000000d5c80000,0x00000000d5d80000)
 ParOldGen       total 128512K, used 128051K [0x0000000080000000, 0x0000000087d80000, 0x00000000d5580000)
  object space 128512K, 99% used [0x0000000080000000,0x0000000087d0cd58,0x0000000087d80000)
 Metaspace       used 66637K, committed 68224K, reserved 1114112K
  class space    used 6978K, committed 7680K, reserved 1048576K
}
Event: 27.501 GC heap before
{Heap before GC invocations=310 (full 3):
 PSYoungGen      total 8192K, used 7672K [0x00000000d5580000, 0x00000000d5e80000, 0x0000000100000000)
  eden space 7168K, 99% used [0x00000000d5580000,0x00000000d5c7e000,0x00000000d5c80000)
  from space 1024K, 50% used [0x00000000d5d80000,0x00000000d5e00000,0x00000000d5e80000)
  to   space 1024K, 0% used [0x00000000d5c80000,0x00000000d5c80000,0x00000000d5d80000)
 ParOldGen       total 128512K, used 128051K [0x0000000080000000, 0x0000000087d80000, 0x00000000d5580000)
  object space 128512K, 99% used [0x0000000080000000,0x0000000087d0cd58,0x0000000087d80000)
 Metaspace       used 66638K, committed 68224K, reserved 1114112K
  class space    used 6978K, committed 7680K, reserved 1048576K
}
Event: 27.503 GC heap after
{Heap after GC invocations=310 (full 3):
 PSYoungGen      total 8192K, used 640K [0x00000000d5580000, 0x00000000d5e80000, 0x0000000100000000)
  eden space 7168K, 0% used [0x00000000d5580000,0x00000000d5580000,0x00000000d5c80000)
  from space 1024K, 62% used [0x00000000d5c80000,0x00000000d5d20000,0x00000000d5d80000)
  to   space 1024K, 0% used [0x00000000d5d80000,0x00000000d5d80000,0x00000000d5e80000)
 ParOldGen       total 128512K, used 128347K [0x0000000080000000, 0x0000000087d80000, 0x00000000d5580000)
  object space 128512K, 99% used [0x0000000080000000,0x0000000087d56d58,0x0000000087d80000)
 Metaspace       used 66638K, committed 68224K, reserved 1114112K
  class space    used 6978K, committed 7680K, reserved 1048576K
}
Event: 27.538 GC heap before
{Heap before GC invocations=311 (full 3):
 PSYoungGen      total 8192K, used 7806K [0x00000000d5580000, 0x00000000d5e80000, 0x0000000100000000)
  eden space 7168K, 99% used [0x00000000d5580000,0x00000000d5c7fac8,0x00000000d5c80000)
  from space 1024K, 62% used [0x00000000d5c80000,0x00000000d5d20000,0x00000000d5d80000)
  to   space 1024K, 0% used [0x00000000d5d80000,0x00000000d5d80000,0x00000000d5e80000)
 ParOldGen       total 128512K, used 128347K [0x0000000080000000, 0x0000000087d80000, 0x00000000d5580000)
  object space 128512K, 99% used [0x0000000080000000,0x0000000087d56d58,0x0000000087d80000)
 Metaspace       used 66638K, committed 68224K, reserved 1114112K
  class space    used 6978K, committed 7680K, reserved 1048576K
}
Event: 27.540 GC heap after
{Heap after GC invocations=311 (full 3):
 PSYoungGen      total 8192K, used 539K [0x00000000d5580000, 0x00000000d5e80000, 0x0000000100000000)
  eden space 7168K, 0% used [0x00000000d5580000,0x00000000d5580000,0x00000000d5c80000)
  from space 1024K, 52% used [0x00000000d5d80000,0x00000000d5e06c28,0x00000000d5e80000)
  to   space 1024K, 0% used [0x00000000d5c80000,0x00000000d5c80000,0x00000000d5d80000)
 ParOldGen       total 129024K, used 128811K [0x0000000080000000, 0x0000000087e00000, 0x00000000d5580000)
  object space 129024K, 99% used [0x0000000080000000,0x0000000087dcad58,0x0000000087e00000)
 Metaspace       used 66638K, committed 68224K, reserved 1114112K
  class space    used 6978K, committed 7680K, reserved 1048576K
}
Event: 27.581 GC heap before
{Heap before GC invocations=312 (full 3):
 PSYoungGen      total 8192K, used 7646K [0x00000000d5580000, 0x00000000d5e80000, 0x0000000100000000)
  eden space 7168K, 99% used [0x00000000d5580000,0x00000000d5c70d20,0x00000000d5c80000)
  from space 1024K, 52% used [0x00000000d5d80000,0x00000000d5e06c28,0x00000000d5e80000)
  to   space 1024K, 0% used [0x00000000d5c80000,0x00000000d5c80000,0x00000000d5d80000)
 ParOldGen       total 129024K, used 128811K [0x0000000080000000, 0x0000000087e00000, 0x00000000d5580000)
  object space 129024K, 99% used [0x0000000080000000,0x0000000087dcad58,0x0000000087e00000)
 Metaspace       used 66638K, committed 68224K, reserved 1114112K
  class space    used 6978K, committed 7680K, reserved 1048576K
}
Event: 27.582 GC heap after
{Heap after GC invocations=312 (full 3):
 PSYoungGen      total 8192K, used 858K [0x00000000d5580000, 0x00000000d5e80000, 0x0000000100000000)
  eden space 7168K, 0% used [0x00000000d5580000,0x00000000d5580000,0x00000000d5c80000)
  from space 1024K, 83% used [0x00000000d5c80000,0x00000000d5d56900,0x00000000d5d80000)
  to   space 1024K, 0% used [0x00000000d5d80000,0x00000000d5d80000,0x00000000d5e80000)
 ParOldGen       total 129536K, used 129070K [0x0000000080000000, 0x0000000087e80000, 0x00000000d5580000)
  object space 129536K, 99% used [0x0000000080000000,0x0000000087e0b960,0x0000000087e80000)
 Metaspace       used 66638K, committed 68224K, reserved 1114112K
  class space    used 6978K, committed 7680K, reserved 1048576K
}
Event: 27.604 GC heap before
{Heap before GC invocations=313 (full 3):
 PSYoungGen      total 8192K, used 7906K [0x00000000d5580000, 0x00000000d5e80000, 0x0000000100000000)
  eden space 7168K, 98% used [0x00000000d5580000,0x00000000d5c61f70,0x00000000d5c80000)
  from space 1024K, 83% used [0x00000000d5c80000,0x00000000d5d56900,0x00000000d5d80000)
  to   space 1024K, 0% used [0x00000000d5d80000,0x00000000d5d80000,0x00000000d5e80000)
 ParOldGen       total 129536K, used 129070K [0x0000000080000000, 0x0000000087e80000, 0x00000000d5580000)
  object space 129536K, 99% used [0x0000000080000000,0x0000000087e0b960,0x0000000087e80000)
 Metaspace       used 66638K, committed 68224K, reserved 1114112K
  class space    used 6978K, committed 7680K, reserved 1048576K
}
Event: 27.606 GC heap after
{Heap after GC invocations=313 (full 3):
 PSYoungGen      total 8192K, used 662K [0x00000000d5580000, 0x00000000d5e80000, 0x0000000100000000)
  eden space 7168K, 0% used [0x00000000d5580000,0x00000000d5580000,0x00000000d5c80000)
  from space 1024K, 64% used [0x00000000d5d80000,0x00000000d5e25808,0x00000000d5e80000)
  to   space 1024K, 0% used [0x00000000d5c80000,0x00000000d5c80000,0x00000000d5d80000)
 ParOldGen       total 130048K, used 129762K [0x0000000080000000, 0x0000000087f00000, 0x00000000d5580000)
  object space 130048K, 99% used [0x0000000080000000,0x0000000087eb8b60,0x0000000087f00000)
 Metaspace       used 66638K, committed 68224K, reserved 1114112K
  class space    used 6978K, committed 7680K, reserved 1048576K
}
Event: 27.645 GC heap before
{Heap before GC invocations=314 (full 3):
 PSYoungGen      total 8192K, used 7830K [0x00000000d5580000, 0x00000000d5e80000, 0x0000000100000000)
  eden space 7168K, 100% used [0x00000000d5580000,0x00000000d5c80000,0x00000000d5c80000)
  from space 1024K, 64% used [0x00000000d5d80000,0x00000000d5e25808,0x00000000d5e80000)
  to   space 1024K, 0% used [0x00000000d5c80000,0x00000000d5c80000,0x00000000d5d80000)
 ParOldGen       total 130048K, used 129762K [0x0000000080000000, 0x0000000087f00000, 0x00000000d5580000)
  object space 130048K, 99% used [0x0000000080000000,0x0000000087eb8b60,0x0000000087f00000)
 Metaspace       used 66654K, committed 68224K, reserved 1114112K
  class space    used 6981K, committed 7680K, reserved 1048576K
}
Event: 27.646 GC heap after
{Heap after GC invocations=314 (full 3):
 PSYoungGen      total 8192K, used 928K [0x00000000d5580000, 0x00000000d5e80000, 0x0000000100000000)
  eden space 7168K, 0% used [0x00000000d5580000,0x00000000d5580000,0x00000000d5c80000)
  from space 1024K, 90% used [0x00000000d5c80000,0x00000000d5d68000,0x00000000d5d80000)
  to   space 1024K, 0% used [0x00000000d5d80000,0x00000000d5d80000,0x00000000d5e80000)
 ParOldGen       total 130560K, used 130272K [0x0000000080000000, 0x0000000087f80000, 0x00000000d5580000)
  object space 130560K, 99% used [0x0000000080000000,0x0000000087f38368,0x0000000087f80000)
 Metaspace       used 66654K, committed 68224K, reserved 1114112K
  class space    used 6981K, committed 7680K, reserved 1048576K
}
Event: 27.687 GC heap before
{Heap before GC invocations=315 (full 3):
 PSYoungGen      total 8192K, used 8096K [0x00000000d5580000, 0x00000000d5e80000, 0x0000000100000000)
  eden space 7168K, 100% used [0x00000000d5580000,0x00000000d5c80000,0x00000000d5c80000)
  from space 1024K, 90% used [0x00000000d5c80000,0x00000000d5d68000,0x00000000d5d80000)
  to   space 1024K, 0% used [0x00000000d5d80000,0x00000000d5d80000,0x00000000d5e80000)
 ParOldGen       total 130560K, used 130272K [0x0000000080000000, 0x0000000087f80000, 0x00000000d5580000)
  object space 130560K, 99% used [0x0000000080000000,0x0000000087f38368,0x0000000087f80000)
 Metaspace       used 66661K, committed 68224K, reserved 1114112K
  class space    used 6981K, committed 7680K, reserved 1048576K
}
Event: 27.690 GC heap after
{Heap after GC invocations=315 (full 3):
 PSYoungGen      total 7680K, used 1024K [0x00000000d5580000, 0x00000000d5f80000, 0x0000000100000000)
  eden space 6656K, 0% used [0x00000000d5580000,0x00000000d5580000,0x00000000d5c00000)
  from space 1024K, 100% used [0x00000000d5d80000,0x00000000d5e80000,0x00000000d5e80000)
  to   space 1536K, 0% used [0x00000000d5c00000,0x00000000d5c00000,0x00000000d5d80000)
 ParOldGen       total 131072K, used 130992K [0x0000000080000000, 0x0000000088000000, 0x00000000d5580000)
  object space 131072K, 99% used [0x0000000080000000,0x0000000087fec378,0x0000000088000000)
 Metaspace       used 66661K, committed 68224K, reserved 1114112K
  class space    used 6981K, committed 7680K, reserved 1048576K
}
Event: 27.754 GC heap before
{Heap before GC invocations=316 (full 3):
 PSYoungGen      total 7680K, used 7680K [0x00000000d5580000, 0x00000000d5f80000, 0x0000000100000000)
  eden space 6656K, 100% used [0x00000000d5580000,0x00000000d5c00000,0x00000000d5c00000)
  from space 1024K, 100% used [0x00000000d5d80000,0x00000000d5e80000,0x00000000d5e80000)
  to   space 1536K, 0% used [0x00000000d5c00000,0x00000000d5c00000,0x00000000d5d80000)
 ParOldGen       total 131072K, used 130992K [0x0000000080000000, 0x0000000088000000, 0x00000000d5580000)
  object space 131072K, 99% used [0x0000000080000000,0x0000000087fec378,0x0000000088000000)
 Metaspace       used 66661K, committed 68224K, reserved 1114112K
  class space    used 6981K, committed 7680K, reserved 1048576K
}
Event: 27.756 GC heap after
{Heap after GC invocations=316 (full 3):
 PSYoungGen      total 7680K, used 588K [0x00000000d5580000, 0x00000000d5e00000, 0x0000000100000000)
  eden space 6656K, 0% used [0x00000000d5580000,0x00000000d5580000,0x00000000d5c00000)
  from space 1024K, 57% used [0x00000000d5c00000,0x00000000d5c93008,0x00000000d5d00000)
  to   space 1024K, 0% used [0x00000000d5d00000,0x00000000d5d00000,0x00000000d5e00000)
 ParOldGen       total 132096K, used 131840K [0x0000000080000000, 0x0000000088100000, 0x00000000d5580000)
  object space 132096K, 99% used [0x0000000080000000,0x00000000880c0378,0x0000000088100000)
 Metaspace       used 66661K, committed 68224K, reserved 1114112K
  class space    used 6981K, committed 7680K, reserved 1048576K
}
Event: 27.814 GC heap before
{Heap before GC invocations=317 (full 3):
 PSYoungGen      total 7680K, used 7244K [0x00000000d5580000, 0x00000000d5e00000, 0x0000000100000000)
  eden space 6656K, 100% used [0x00000000d5580000,0x00000000d5c00000,0x00000000d5c00000)
  from space 1024K, 57% used [0x00000000d5c00000,0x00000000d5c93008,0x00000000d5d00000)
  to   space 1024K, 0% used [0x00000000d5d00000,0x00000000d5d00000,0x00000000d5e00000)
 ParOldGen       total 132096K, used 131840K [0x0000000080000000, 0x0000000088100000, 0x00000000d5580000)
  object space 132096K, 99% used [0x0000000080000000,0x00000000880c0378,0x0000000088100000)
 Metaspace       used 66661K, committed 68224K, reserved 1114112K
  class space    used 6981K, committed 7680K, reserved 1048576K
}
Event: 27.816 GC heap after
{Heap after GC invocations=317 (full 3):
 PSYoungGen      total 7168K, used 384K [0x00000000d5580000, 0x00000000d5d80000, 0x0000000100000000)
  eden space 6656K, 0% used [0x00000000d5580000,0x00000000d5580000,0x00000000d5c00000)
  from space 512K, 75% used [0x00000000d5d00000,0x00000000d5d60000,0x00000000d5d80000)
  to   space 512K, 0% used [0x00000000d5c80000,0x00000000d5c80000,0x00000000d5d00000)
 ParOldGen       total 132608K, used 132332K [0x0000000080000000, 0x0000000088180000, 0x00000000d5580000)
  object space 132608K, 99% used [0x0000000080000000,0x000000008813b380,0x0000000088180000)
 Metaspace       used 66661K, committed 68224K, reserved 1114112K
  class space    used 6981K, committed 7680K, reserved 1048576K
}
Event: 28.938 GC heap before
{Heap before GC invocations=318 (full 3):
 PSYoungGen      total 7168K, used 7030K [0x00000000d5580000, 0x00000000d5d80000, 0x0000000100000000)
  eden space 6656K, 99% used [0x00000000d5580000,0x00000000d5bfdb78,0x00000000d5c00000)
  from space 512K, 75% used [0x00000000d5d00000,0x00000000d5d60000,0x00000000d5d80000)
  to   space 512K, 0% used [0x00000000d5c80000,0x00000000d5c80000,0x00000000d5d00000)
 ParOldGen       total 132608K, used 132332K [0x0000000080000000, 0x0000000088180000, 0x00000000d5580000)
  object space 132608K, 99% used [0x0000000080000000,0x000000008813b380,0x0000000088180000)
 Metaspace       used 66663K, committed 68224K, reserved 1114112K
  class space    used 6981K, committed 7680K, reserved 1048576K
}
Event: 28.939 GC heap after
{Heap after GC invocations=318 (full 3):
 PSYoungGen      total 7168K, used 478K [0x00000000d5580000, 0x00000000d5d80000, 0x0000000100000000)
  eden space 6656K, 0% used [0x00000000d5580000,0x00000000d5580000,0x00000000d5c00000)
  from space 512K, 93% used [0x00000000d5c80000,0x00000000d5cf7a00,0x00000000d5d00000)
  to   space 512K, 0% used [0x00000000d5d00000,0x00000000d5d00000,0x00000000d5d80000)
 ParOldGen       total 132608K, used 132476K [0x0000000080000000, 0x0000000088180000, 0x00000000d5580000)
  object space 132608K, 99% used [0x0000000080000000,0x000000008815f380,0x0000000088180000)
 Metaspace       used 66663K, committed 68224K, reserved 1114112K
  class space    used 6981K, committed 7680K, reserved 1048576K
}
Event: 28.970 GC heap before
{Heap before GC invocations=319 (full 3):
 PSYoungGen      total 7168K, used 7134K [0x00000000d5580000, 0x00000000d5d80000, 0x0000000100000000)
  eden space 6656K, 99% used [0x00000000d5580000,0x00000000d5bfffd0,0x00000000d5c00000)
  from space 512K, 93% used [0x00000000d5c80000,0x00000000d5cf7a00,0x00000000d5d00000)
  to   space 512K, 0% used [0x00000000d5d00000,0x00000000d5d00000,0x00000000d5d80000)
 ParOldGen       total 132608K, used 132476K [0x0000000080000000, 0x0000000088180000, 0x00000000d5580000)
  object space 132608K, 99% used [0x0000000080000000,0x000000008815f380,0x0000000088180000)
 Metaspace       used 66664K, committed 68224K, reserved 1114112K
  class space    used 6981K, committed 7680K, reserved 1048576K
}

