# JRE version: OpenJDK Runtime Environment Temurin-21.0.8+9 (21.0.8+9) (build 21.0.8+9-LTS)
# Java VM: OpenJDK 64-Bit Server VM Temurin-21.0.8+9 (21.0.8+9-LTS, mixed mode, sharing, tiered, compressed oops, compressed class ptrs, parallel gc, windows-amd64)
GC Precious Log:
 CardTable entry size: 512
 CPUs: 16 total, 16 available
 Memory: 15734M
 Large Page Support: Disabled
 NUMA Support: Disabled
 Compressed Oops: Enabled (32-bit)
 Alignments: Space 512K, Generation 512K, Heap 2M
 Heap Min Capacity: 100M
 Heap Initial Capacity: 100M
 Heap Max Capacity: 2G
 Pre-touch: Disabled
 Parallel Workers: 13
Heap:
 PSYoungGen      total 19968K, used 15504K [0x00000000d5580000, 0x00000000d6b00000, 0x0000000100000000)
  eden space 17920K, 76% used [0x00000000d5580000,0x00000000d62e0c80,0x00000000d6700000)
  from space 2048K, 88% used [0x00000000d6900000,0x00000000d6ac3410,0x00000000d6b00000)
  to   space 2048K, 0% used [0x00000000d6700000,0x00000000d6700000,0x00000000d6900000)
 ParOldGen       total 68608K, used 49224K [0x0000000080000000, 0x0000000084300000, 0x00000000d5580000)
  object space 68608K, 71% used [0x0000000080000000,0x0000000083012318,0x0000000084300000)
 Metaspace       used 48128K, committed 49344K, reserved 1114112K
  class space    used 5182K, committed 5760K, reserved 1048576K
GC Heap History (20 events):
Event: 13.234 GC heap before
{Heap before GC invocations=23 (full 2):
 PSYoungGen      total 23552K, used 23072K [0x00000000d5580000, 0x00000000d7000000, 0x0000000100000000)
  eden space 20992K, 100% used [0x00000000d5580000,0x00000000d6a00000,0x00000000d6a00000)
  from space 2560K, 81% used [0x00000000d6d80000,0x00000000d6f88000,0x00000000d7000000)
  to   space 2560K, 0% used [0x00000000d6a00000,0x00000000d6a00000,0x00000000d6c80000)
 ParOldGen       total 68608K, used 32538K [0x0000000080000000, 0x0000000084300000, 0x00000000d5580000)
  object space 68608K, 47% used [0x0000000080000000,0x0000000081fc6870,0x0000000084300000)
 Metaspace       used 40394K, committed 41600K, reserved 1114112K
  class space    used 4233K, committed 4800K, reserved 1048576K
}
Event: 13.240 GC heap after
{Heap after GC invocations=23 (full 2):
 PSYoungGen      total 23552K, used 2476K [0x00000000d5580000, 0x00000000d6f00000, 0x0000000100000000)
  eden space 20992K, 0% used [0x00000000d5580000,0x00000000d5580000,0x00000000d6a00000)
  from space 2560K, 96% used [0x00000000d6a00000,0x00000000d6c6b018,0x00000000d6c80000)
  to   space 2560K, 0% used [0x00000000d6c80000,0x00000000d6c80000,0x00000000d6f00000)
 ParOldGen       total 68608K, used 34442K [0x0000000080000000, 0x0000000084300000, 0x00000000d5580000)
  object space 68608K, 50% used [0x0000000080000000,0x00000000821a2870,0x0000000084300000)
 Metaspace       used 40394K, committed 41600K, reserved 1114112K
  class space    used 4233K, committed 4800K, reserved 1048576K
}
Event: 13.348 GC heap before
{Heap before GC invocations=24 (full 2):
 PSYoungGen      total 23552K, used 23468K [0x00000000d5580000, 0x00000000d6f00000, 0x0000000100000000)
  eden space 20992K, 100% used [0x00000000d5580000,0x00000000d6a00000,0x00000000d6a00000)
  from space 2560K, 96% used [0x00000000d6a00000,0x00000000d6c6b018,0x00000000d6c80000)
  to   space 2560K, 0% used [0x00000000d6c80000,0x00000000d6c80000,0x00000000d6f00000)
 ParOldGen       total 68608K, used 34442K [0x0000000080000000, 0x0000000084300000, 0x00000000d5580000)
  object space 68608K, 50% used [0x0000000080000000,0x00000000821a2870,0x0000000084300000)
 Metaspace       used 40722K, committed 41984K, reserved 1114112K
  class space    used 4275K, committed 4800K, reserved 1048576K
}
Event: 13.351 GC heap after
{Heap after GC invocations=24 (full 2):
 PSYoungGen      total 20480K, used 2548K [0x00000000d5580000, 0x00000000d7500000, 0x0000000100000000)
  eden space 17920K, 0% used [0x00000000d5580000,0x00000000d5580000,0x00000000d6700000)
  from space 2560K, 99% used [0x00000000d6c80000,0x00000000d6efd380,0x00000000d6f00000)
  to   space 5632K, 0% used [0x00000000d6700000,0x00000000d6700000,0x00000000d6c80000)
 ParOldGen       total 68608K, used 36718K [0x0000000080000000, 0x0000000084300000, 0x00000000d5580000)
  object space 68608K, 53% used [0x0000000080000000,0x00000000823db888,0x0000000084300000)
 Metaspace       used 40722K, committed 41984K, reserved 1114112K
  class space    used 4275K, committed 4800K, reserved 1048576K
}
Event: 13.481 GC heap before
{Heap before GC invocations=25 (full 2):
 PSYoungGen      total 20480K, used 20250K [0x00000000d5580000, 0x00000000d7500000, 0x0000000100000000)
  eden space 17920K, 98% used [0x00000000d5580000,0x00000000d66c9730,0x00000000d6700000)
  from space 2560K, 99% used [0x00000000d6c80000,0x00000000d6efd380,0x00000000d6f00000)
  to   space 5632K, 0% used [0x00000000d6700000,0x00000000d6700000,0x00000000d6c80000)
 ParOldGen       total 68608K, used 36718K [0x0000000080000000, 0x0000000084300000, 0x00000000d5580000)
  object space 68608K, 53% used [0x0000000080000000,0x00000000823db888,0x0000000084300000)
 Metaspace       used 41379K, committed 42624K, reserved 1114112K
  class space    used 4345K, committed 4864K, reserved 1048576K
}
Event: 13.484 GC heap after
{Heap after GC invocations=25 (full 2):
 PSYoungGen      total 19456K, used 1280K [0x00000000d5580000, 0x00000000d6d00000, 0x0000000100000000)
  eden space 17920K, 0% used [0x00000000d5580000,0x00000000d5580000,0x00000000d6700000)
  from space 1536K, 83% used [0x00000000d6700000,0x00000000d6840000,0x00000000d6880000)
  to   space 3072K, 0% used [0x00000000d6a00000,0x00000000d6a00000,0x00000000d6d00000)
 ParOldGen       total 68608K, used 38310K [0x0000000080000000, 0x0000000084300000, 0x00000000d5580000)
  object space 68608K, 55% used [0x0000000080000000,0x0000000082569a88,0x0000000084300000)
 Metaspace       used 41379K, committed 42624K, reserved 1114112K
  class space    used 4345K, committed 4864K, reserved 1048576K
}
Event: 13.560 GC heap before
{Heap before GC invocations=26 (full 2):
 PSYoungGen      total 19456K, used 19198K [0x00000000d5580000, 0x00000000d6d00000, 0x0000000100000000)
  eden space 17920K, 99% used [0x00000000d5580000,0x00000000d66ffb28,0x00000000d6700000)
  from space 1536K, 83% used [0x00000000d6700000,0x00000000d6840000,0x00000000d6880000)
  to   space 3072K, 0% used [0x00000000d6a00000,0x00000000d6a00000,0x00000000d6d00000)
 ParOldGen       total 68608K, used 38310K [0x0000000080000000, 0x0000000084300000, 0x00000000d5580000)
  object space 68608K, 55% used [0x0000000080000000,0x0000000082569a88,0x0000000084300000)
 Metaspace       used 42025K, committed 43264K, reserved 1114112K
  class space    used 4416K, committed 4992K, reserved 1048576K
}
Event: 13.562 GC heap after
{Heap after GC invocations=26 (full 2):
 PSYoungGen      total 20992K, used 2481K [0x00000000d5580000, 0x00000000d6d00000, 0x0000000100000000)
  eden space 17920K, 0% used [0x00000000d5580000,0x00000000d5580000,0x00000000d6700000)
  from space 3072K, 80% used [0x00000000d6a00000,0x00000000d6c6c638,0x00000000d6d00000)
  to   space 3072K, 0% used [0x00000000d6700000,0x00000000d6700000,0x00000000d6a00000)
 ParOldGen       total 68608K, used 39339K [0x0000000080000000, 0x0000000084300000, 0x00000000d5580000)
  object space 68608K, 57% used [0x0000000080000000,0x000000008266ade0,0x0000000084300000)
 Metaspace       used 42025K, committed 43264K, reserved 1114112K
  class space    used 4416K, committed 4992K, reserved 1048576K
}
Event: 13.634 GC heap before
{Heap before GC invocations=27 (full 2):
 PSYoungGen      total 20992K, used 20401K [0x00000000d5580000, 0x00000000d6d00000, 0x0000000100000000)
  eden space 17920K, 100% used [0x00000000d5580000,0x00000000d6700000,0x00000000d6700000)
  from space 3072K, 80% used [0x00000000d6a00000,0x00000000d6c6c638,0x00000000d6d00000)
  to   space 3072K, 0% used [0x00000000d6700000,0x00000000d6700000,0x00000000d6a00000)
 ParOldGen       total 68608K, used 39339K [0x0000000080000000, 0x0000000084300000, 0x00000000d5580000)
  object space 68608K, 57% used [0x0000000080000000,0x000000008266ade0,0x0000000084300000)
 Metaspace       used 42410K, committed 43648K, reserved 1114112K
  class space    used 4465K, committed 5056K, reserved 1048576K
}
Event: 13.637 GC heap after
{Heap after GC invocations=27 (full 2):
 PSYoungGen      total 20480K, used 2166K [0x00000000d5580000, 0x00000000d6c00000, 0x0000000100000000)
  eden space 17920K, 0% used [0x00000000d5580000,0x00000000d5580000,0x00000000d6700000)
  from space 2560K, 84% used [0x00000000d6700000,0x00000000d691d808,0x00000000d6980000)
  to   space 2560K, 0% used [0x00000000d6980000,0x00000000d6980000,0x00000000d6c00000)
 ParOldGen       total 68608K, used 41617K [0x0000000080000000, 0x0000000084300000, 0x00000000d5580000)
  object space 68608K, 60% used [0x0000000080000000,0x00000000828a4440,0x0000000084300000)
 Metaspace       used 42410K, committed 43648K, reserved 1114112K
  class space    used 4465K, committed 5056K, reserved 1048576K
}
Event: 13.731 GC heap before
{Heap before GC invocations=28 (full 2):
 PSYoungGen      total 20480K, used 20085K [0x00000000d5580000, 0x00000000d6c00000, 0x0000000100000000)
  eden space 17920K, 99% used [0x00000000d5580000,0x00000000d66fffd0,0x00000000d6700000)
  from space 2560K, 84% used [0x00000000d6700000,0x00000000d691d808,0x00000000d6980000)
  to   space 2560K, 0% used [0x00000000d6980000,0x00000000d6980000,0x00000000d6c00000)
 ParOldGen       total 68608K, used 41617K [0x0000000080000000, 0x0000000084300000, 0x00000000d5580000)
  object space 68608K, 60% used [0x0000000080000000,0x00000000828a4440,0x0000000084300000)
 Metaspace       used 43366K, committed 44608K, reserved 1114112K
  class space    used 4576K, committed 5120K, reserved 1048576K
}
Event: 13.732 GC heap after
{Heap after GC invocations=28 (full 2):
 PSYoungGen      total 19456K, used 1104K [0x00000000d5580000, 0x00000000d6b00000, 0x0000000100000000)
  eden space 17920K, 0% used [0x00000000d5580000,0x00000000d5580000,0x00000000d6700000)
  from space 1536K, 71% used [0x00000000d6980000,0x00000000d6a94338,0x00000000d6b00000)
  to   space 1536K, 0% used [0x00000000d6800000,0x00000000d6800000,0x00000000d6980000)
 ParOldGen       total 68608K, used 43553K [0x0000000080000000, 0x0000000084300000, 0x00000000d5580000)
  object space 68608K, 63% used [0x0000000080000000,0x0000000082a88440,0x0000000084300000)
 Metaspace       used 43366K, committed 44608K, reserved 1114112K
  class space    used 4576K, committed 5120K, reserved 1048576K
}
Event: 13.834 GC heap before
{Heap before GC invocations=29 (full 2):
 PSYoungGen      total 19456K, used 19024K [0x00000000d5580000, 0x00000000d6b00000, 0x0000000100000000)
  eden space 17920K, 100% used [0x00000000d5580000,0x00000000d6700000,0x00000000d6700000)
  from space 1536K, 71% used [0x00000000d6980000,0x00000000d6a94338,0x00000000d6b00000)
  to   space 1536K, 0% used [0x00000000d6800000,0x00000000d6800000,0x00000000d6980000)
 ParOldGen       total 68608K, used 43553K [0x0000000080000000, 0x0000000084300000, 0x00000000d5580000)
  object space 68608K, 63% used [0x0000000080000000,0x0000000082a88440,0x0000000084300000)
 Metaspace       used 44481K, committed 45824K, reserved 1114112K
  class space    used 4703K, committed 5312K, reserved 1048576K
}
Event: 13.835 GC heap after
{Heap after GC invocations=29 (full 2):
 PSYoungGen      total 19456K, used 1506K [0x00000000d5580000, 0x00000000d6d00000, 0x0000000100000000)
  eden space 17920K, 0% used [0x00000000d5580000,0x00000000d5580000,0x00000000d6700000)
  from space 1536K, 98% used [0x00000000d6800000,0x00000000d6978868,0x00000000d6980000)
  to   space 3072K, 0% used [0x00000000d6a00000,0x00000000d6a00000,0x00000000d6d00000)
 ParOldGen       total 68608K, used 44629K [0x0000000080000000, 0x0000000084300000, 0x00000000d5580000)
  object space 68608K, 65% used [0x0000000080000000,0x0000000082b95458,0x0000000084300000)
 Metaspace       used 44481K, committed 45824K, reserved 1114112K
  class space    used 4703K, committed 5312K, reserved 1048576K
}
Event: 13.883 GC heap before
{Heap before GC invocations=30 (full 2):
 PSYoungGen      total 19456K, used 19426K [0x00000000d5580000, 0x00000000d6d00000, 0x0000000100000000)
  eden space 17920K, 100% used [0x00000000d5580000,0x00000000d6700000,0x00000000d6700000)
  from space 1536K, 98% used [0x00000000d6800000,0x00000000d6978868,0x00000000d6980000)
  to   space 3072K, 0% used [0x00000000d6a00000,0x00000000d6a00000,0x00000000d6d00000)
 ParOldGen       total 68608K, used 44629K [0x0000000080000000, 0x0000000084300000, 0x00000000d5580000)
  object space 68608K, 65% used [0x0000000080000000,0x0000000082b95458,0x0000000084300000)
 Metaspace       used 45007K, committed 46208K, reserved 1114112K
  class space    used 4763K, committed 5312K, reserved 1048576K
}
Event: 13.885 GC heap after
{Heap after GC invocations=30 (full 2):
 PSYoungGen      total 19968K, used 1846K [0x00000000d5580000, 0x00000000d6c00000, 0x0000000100000000)
  eden space 17920K, 0% used [0x00000000d5580000,0x00000000d5580000,0x00000000d6700000)
  from space 2048K, 90% used [0x00000000d6a00000,0x00000000d6bcd808,0x00000000d6c00000)
  to   space 2560K, 0% used [0x00000000d6700000,0x00000000d6700000,0x00000000d6980000)
 ParOldGen       total 68608K, used 46039K [0x0000000080000000, 0x0000000084300000, 0x00000000d5580000)
  object space 68608K, 67% used [0x0000000080000000,0x0000000082cf5cd8,0x0000000084300000)
 Metaspace       used 45007K, committed 46208K, reserved 1114112K
  class space    used 4763K, committed 5312K, reserved 1048576K
}
Event: 14.977 GC heap before
{Heap before GC invocations=31 (full 2):
 PSYoungGen      total 19968K, used 19766K [0x00000000d5580000, 0x00000000d6c00000, 0x0000000100000000)
  eden space 17920K, 100% used [0x00000000d5580000,0x00000000d6700000,0x00000000d6700000)
  from space 2048K, 90% used [0x00000000d6a00000,0x00000000d6bcd808,0x00000000d6c00000)
  to   space 2560K, 0% used [0x00000000d6700000,0x00000000d6700000,0x00000000d6980000)
 ParOldGen       total 68608K, used 46039K [0x0000000080000000, 0x0000000084300000, 0x00000000d5580000)
  object space 68608K, 67% used [0x0000000080000000,0x0000000082cf5cd8,0x0000000084300000)
 Metaspace       used 45582K, committed 46848K, reserved 1114112K
  class space    used 4835K, committed 5440K, reserved 1048576K
}
Event: 14.980 GC heap after
{Heap after GC invocations=31 (full 2):
 PSYoungGen      total 19968K, used 1836K [0x00000000d5580000, 0x00000000d6b00000, 0x0000000100000000)
  eden space 17920K, 0% used [0x00000000d5580000,0x00000000d5580000,0x00000000d6700000)
  from space 2048K, 89% used [0x00000000d6700000,0x00000000d68cb008,0x00000000d6900000)
  to   space 2048K, 0% used [0x00000000d6900000,0x00000000d6900000,0x00000000d6b00000)
 ParOldGen       total 68608K, used 47645K [0x0000000080000000, 0x0000000084300000, 0x00000000d5580000)
  object space 68608K, 69% used [0x0000000080000000,0x0000000082e87610,0x0000000084300000)
 Metaspace       used 45582K, committed 46848K, reserved 1114112K
  class space    used 4835K, committed 5440K, reserved 1048576K
}
Event: 15.144 GC heap before
{Heap before GC invocations=32 (full 2):
 PSYoungGen      total 19968K, used 19756K [0x00000000d5580000, 0x00000000d6b00000, 0x0000000100000000)
  eden space 17920K, 100% used [0x00000000d5580000,0x00000000d6700000,0x00000000d6700000)
  from space 2048K, 89% used [0x00000000d6700000,0x00000000d68cb008,0x00000000d6900000)
  to   space 2048K, 0% used [0x00000000d6900000,0x00000000d6900000,0x00000000d6b00000)
 ParOldGen       total 68608K, used 47645K [0x0000000080000000, 0x0000000084300000, 0x00000000d5580000)
  object space 68608K, 69% used [0x0000000080000000,0x0000000082e87610,0x0000000084300000)
 Metaspace       used 46628K, committed 47872K, reserved 1114112K
  class space    used 4964K, committed 5504K, reserved 1048576K
}
Event: 15.146 GC heap after
{Heap after GC invocations=32 (full 2):
 PSYoungGen      total 19968K, used 1805K [0x00000000d5580000, 0x00000000d6b00000, 0x0000000100000000)
  eden space 17920K, 0% used [0x00000000d5580000,0x00000000d5580000,0x00000000d6700000)
  from space 2048K, 88% used [0x00000000d6900000,0x00000000d6ac3410,0x00000000d6b00000)
  to   space 2048K, 0% used [0x00000000d6700000,0x00000000d6700000,0x00000000d6900000)
 ParOldGen       total 68608K, used 49224K [0x0000000080000000, 0x0000000084300000, 0x00000000d5580000)
  object space 68608K, 71% used [0x0000000080000000,0x0000000083012318,0x0000000084300000)
 Metaspace       used 46628K, committed 47872K, reserved 1114112K
  class space    used 4964K, committed 5504K, reserved 1048576K
}

